<?xml version="1.0" encoding="UTF-8"?>
<!-- Generated by org.testng.reporters.JUnitXMLReporter -->
<testsuite hostname="LAPTOP-8GUPOLII" ignored="0" name="RegistrationTest" tests="2" failures="2" timestamp="28 Mar 2017 08:10:29 GMT" time="0.008" errors="0">
  <testcase name="doRegistrationTest" time="0.005" classname="testcases.RegTest">
    <failure type="java.lang.AssertionError" message="The following asserts failed:
	Deliberately failing the test">
      <![CDATA[java.lang.AssertionError: The following asserts failed:
	Deliberately failing the test
	at testcases.RegTest.doRegistrationTest(RegTest.java:22)
... Removed 25 stack frames]]>
    </failure>
  </testcase> <!-- doRegistrationTest -->
  <testcase name="isElementPresent" time="0.001" classname="testcases.RegTest">
    <failure type="java.lang.AssertionError" message="The following asserts failed:
	2 not greater than 3 expected [true] but found [false],
	2 not greater than 4 expected [true] but found [false]">
      <![CDATA[java.lang.AssertionError: The following asserts failed:
	2 not greater than 3 expected [true] but found [false],
	2 not greater than 4 expected [true] but found [false]
	at testcases.RegTest.isElementPresent(RegTest.java:35)
... Removed 25 stack frames]]>
    </failure>
  </testcase> <!-- isElementPresent -->
</testsuite> <!-- RegistrationTest -->
